<?xml version="1.0" ?>
<testsuites disabled="0" errors="0" failures="0" tests="171" time="0.0">
	<testsuite disabled="0" errors="0" failures="0" name="terraform scan" skipped="50" tests="171" time="0">
		<properties>
			<property name="directory" value="['/app']"/>
			<property name="add_check" value="False"/>
			<property name="list" value="False"/>
			<property name="output" value="['junitxml']"/>
			<property name="output_file_path" value="/output/results.xml"/>
			<property name="output_bc_ids" value="False"/>
			<property name="include_all_checkov_policies" value="True"/>
			<property name="quiet" value="False"/>
			<property name="compact" value="False"/>
			<property name="framework" value="['all']"/>
			<property name="skip_framework" value="[]"/>
			<property name="skip_check" value="['CKV_AWS_309']"/>
			<property name="run_all_external_checks" value="False"/>
			<property name="soft_fail" value="False"/>
			<property name="skip_results_upload" value="False"/>
			<property name="repo_id" value="cli_repo/app"/>
			<property name="branch" value="master"/>
			<property name="skip_download" value="False"/>
			<property name="use_enforcement_rules" value="False"/>
			<property name="external_modules_download_path" value=".external_modules"/>
			<property name="evaluate_variables" value="True"/>
			<property name="no_cert_verify" value="False"/>
			<property name="create_baseline" value="False"/>
			<property name="output_baseline_as_skipped" value="False"/>
			<property name="secrets_scan_file_type" value="[]"/>
			<property name="enable_secret_scan_all_files" value="False"/>
			<property name="block_list_secret_scan" value="[]"/>
			<property name="summary_position" value="top"/>
			<property name="skip_resources_without_violations" value="False"/>
			<property name="deep_analysis" value="False"/>
			<property name="no_fail_on_crash" value="False"/>
			<property name="mask" value="defaultdict(&lt;class 'set'&gt;, {})"/>
			<property name="scan_secrets_history" value="False"/>
			<property name="secrets_history_timeout" value="12h"/>
			<property name="custom_tool_name" value="Checkov"/>
		</properties>
		<testcase name="[NONE][CKV_AWS_301] Ensure that AWS Lambda function is not publicly accessible" classname="/api_gateway.tf.aws_lambda_permission.allow_apigw_invoke_user" file="/api_gateway.tf"/>
		<testcase name="[NONE][CKV_AWS_364] Ensure that AWS Lambda function permissions delegated to AWS services are limited by SourceArn or SourceAccount" classname="/api_gateway.tf.aws_lambda_permission.allow_apigw_invoke_user" file="/api_gateway.tf"/>
		<testcase name="[NONE][CKV_AWS_301] Ensure that AWS Lambda function is not publicly accessible" classname="/api_gateway.tf.aws_lambda_permission.allow_apigw_invoke_service" file="/api_gateway.tf"/>
		<testcase name="[NONE][CKV_AWS_364] Ensure that AWS Lambda function permissions delegated to AWS services are limited by SourceArn or SourceAccount" classname="/api_gateway.tf.aws_lambda_permission.allow_apigw_invoke_service" file="/api_gateway.tf"/>
		<testcase name="[NONE][CKV_AWS_301] Ensure that AWS Lambda function is not publicly accessible" classname="/api_gateway.tf.aws_lambda_permission.allow_apigw_invoke_code" file="/api_gateway.tf"/>
		<testcase name="[NONE][CKV_AWS_364] Ensure that AWS Lambda function permissions delegated to AWS services are limited by SourceArn or SourceAccount" classname="/api_gateway.tf.aws_lambda_permission.allow_apigw_invoke_code" file="/api_gateway.tf"/>
		<testcase name="[NONE][CKV_AWS_301] Ensure that AWS Lambda function is not publicly accessible" classname="/api_gateway.tf.aws_lambda_permission.allow_apigw_invoke_module" file="/api_gateway.tf"/>
		<testcase name="[NONE][CKV_AWS_364] Ensure that AWS Lambda function permissions delegated to AWS services are limited by SourceArn or SourceAccount" classname="/api_gateway.tf.aws_lambda_permission.allow_apigw_invoke_module" file="/api_gateway.tf"/>
		<testcase name="[NONE][CKV_AWS_301] Ensure that AWS Lambda function is not publicly accessible" classname="/api_gateway.tf.aws_lambda_permission.allow_apigw_invoke_agency" file="/api_gateway.tf"/>
		<testcase name="[NONE][CKV_AWS_364] Ensure that AWS Lambda function permissions delegated to AWS services are limited by SourceArn or SourceAccount" classname="/api_gateway.tf.aws_lambda_permission.allow_apigw_invoke_agency" file="/api_gateway.tf"/>
		<testcase name="[NONE][CKV_AWS_66] Ensure that CloudWatch Log Group specifies retention days" classname="/api_gateway.tf.aws_cloudwatch_log_group.apigw_logs" file="/api_gateway.tf"/>
		<testcase name="[NONE][CKV_AWS_338] Ensure CloudWatch log groups retains logs for at least 1 year" classname="/api_gateway.tf.aws_cloudwatch_log_group.apigw_logs" file="/api_gateway.tf"/>
		<testcase name="[NONE][CKV_AWS_76] Ensure API Gateway has Access Logging enabled" classname="/api_gateway.tf.aws_apigatewayv2_stage.default_stage" file="/api_gateway.tf"/>
		<testcase name="[NONE][CKV_AWS_259] Ensure CloudFront response header policy enforces Strict Transport Security" classname="/cloudfront.tf.aws_cloudfront_response_headers_policy.security_headers" file="/cloudfront.tf"/>
		<testcase name="[NONE][CKV_AWS_174] Verify CloudFront Distribution Viewer Certificate is using TLS v1.2" classname="/cloudfront.tf.aws_cloudfront_distribution.frontend_distribution" file="/cloudfront.tf"/>
		<testcase name="[NONE][CKV_AWS_216] Ensure CloudFront distribution is enabled" classname="/cloudfront.tf.aws_cloudfront_distribution.frontend_distribution" file="/cloudfront.tf"/>
		<testcase name="[NONE][CKV_AWS_374] Ensure AWS CloudFront web distribution has geo restriction enabled" classname="/cloudfront.tf.aws_cloudfront_distribution.frontend_distribution" file="/cloudfront.tf"/>
		<testcase name="[NONE][CKV_AWS_34] Ensure CloudFront distribution ViewerProtocolPolicy is set to HTTPS" classname="/cloudfront.tf.aws_cloudfront_distribution.frontend_distribution" file="/cloudfront.tf"/>
		<testcase name="[NONE][CKV_AWS_305] Ensure CloudFront distribution has a default root object configured" classname="/cloudfront.tf.aws_cloudfront_distribution.frontend_distribution" file="/cloudfront.tf"/>
		<testcase name="[NONE][CKV_AWS_93] Ensure S3 bucket policy does not lockout all but root user. (Prevent lockouts needing root account fixes)" classname="/cloudfront.tf.aws_s3_bucket_policy.only_cloudfront" file="/cloudfront.tf"/>
		<testcase name="[NONE][CKV_AWS_70] Ensure S3 bucket does not allow an action with any Principal" classname="/cloudfront.tf.aws_s3_bucket_policy.only_cloudfront" file="/cloudfront.tf"/>
		<testcase name="[NONE][CKV_AWS_274] Disallow IAM roles, users, and groups from using the AWS AdministratorAccess policy" classname="/iam_roles.tf.aws_iam_role.lambda_role" file="/iam_roles.tf"/>
		<testcase name="[NONE][CKV_AWS_60] Ensure IAM role allows only specific services or principals to assume it" classname="/iam_roles.tf.aws_iam_role.lambda_role" file="/iam_roles.tf"/>
		<testcase name="[NONE][CKV_AWS_61] Ensure AWS IAM policy does not allow assume role permission across all services" classname="/iam_roles.tf.aws_iam_role.lambda_role" file="/iam_roles.tf"/>
		<testcase name="[NONE][CKV_AWS_289] Ensure IAM policies does not allow permissions management / resource exposure without constraints" classname="/iam_roles.tf.aws_iam_role_policy.lambda_logs_policy" file="/iam_roles.tf"/>
		<testcase name="[NONE][CKV_AWS_63] Ensure no IAM policies documents allow &quot;*&quot; as a statement's actions" classname="/iam_roles.tf.aws_iam_role_policy.lambda_logs_policy" file="/iam_roles.tf"/>
		<testcase name="[NONE][CKV_AWS_287] Ensure IAM policies does not allow credentials exposure" classname="/iam_roles.tf.aws_iam_role_policy.lambda_logs_policy" file="/iam_roles.tf"/>
		<testcase name="[NONE][CKV_AWS_286] Ensure IAM policies does not allow privilege escalation" classname="/iam_roles.tf.aws_iam_role_policy.lambda_logs_policy" file="/iam_roles.tf"/>
		<testcase name="[NONE][CKV_AWS_62] Ensure IAM policies that allow full &quot;*-*&quot; administrative privileges are not created" classname="/iam_roles.tf.aws_iam_role_policy.lambda_logs_policy" file="/iam_roles.tf"/>
		<testcase name="[NONE][CKV_AWS_288] Ensure IAM policies does not allow data exfiltration" classname="/iam_roles.tf.aws_iam_role_policy.lambda_logs_policy" file="/iam_roles.tf"/>
		<testcase name="[NONE][CKV_AWS_274] Disallow IAM roles, users, and groups from using the AWS AdministratorAccess policy" classname="/iam_roles.tf.aws_iam_role_policy_attachment.lambda_rds_access" file="/iam_roles.tf"/>
		<testcase name="[NONE][CKV_AWS_289] Ensure IAM policies does not allow permissions management / resource exposure without constraints" classname="/iam_roles.tf.aws_iam_role_policy.lambda_vpc_permissions" file="/iam_roles.tf"/>
		<testcase name="[NONE][CKV_AWS_63] Ensure no IAM policies documents allow &quot;*&quot; as a statement's actions" classname="/iam_roles.tf.aws_iam_role_policy.lambda_vpc_permissions" file="/iam_roles.tf"/>
		<testcase name="[NONE][CKV_AWS_287] Ensure IAM policies does not allow credentials exposure" classname="/iam_roles.tf.aws_iam_role_policy.lambda_vpc_permissions" file="/iam_roles.tf"/>
		<testcase name="[NONE][CKV_AWS_286] Ensure IAM policies does not allow privilege escalation" classname="/iam_roles.tf.aws_iam_role_policy.lambda_vpc_permissions" file="/iam_roles.tf"/>
		<testcase name="[NONE][CKV_AWS_62] Ensure IAM policies that allow full &quot;*-*&quot; administrative privileges are not created" classname="/iam_roles.tf.aws_iam_role_policy.lambda_vpc_permissions" file="/iam_roles.tf"/>
		<testcase name="[NONE][CKV_AWS_288] Ensure IAM policies does not allow data exfiltration" classname="/iam_roles.tf.aws_iam_role_policy.lambda_vpc_permissions" file="/iam_roles.tf"/>
		<testcase name="[NONE][CKV_AWS_45] Ensure no hard-coded secrets exist in lambda environment" classname="/lambda_agency.tf.aws_lambda_function.agency_lambda" file="/lambda_agency.tf"/>
		<testcase name="[NONE][CKV_AWS_117] Ensure that AWS Lambda function is configured inside a VPC" classname="/lambda_agency.tf.aws_lambda_function.agency_lambda" file="/lambda_agency.tf"/>
		<testcase name="[NONE][CKV_AWS_363] Ensure Lambda Runtime is not deprecated" classname="/lambda_agency.tf.aws_lambda_function.agency_lambda" file="/lambda_agency.tf"/>
		<testcase name="[NONE][CKV_AWS_45] Ensure no hard-coded secrets exist in lambda environment" classname="/lambda_code.tf.aws_lambda_function.code_lambda" file="/lambda_code.tf"/>
		<testcase name="[NONE][CKV_AWS_117] Ensure that AWS Lambda function is configured inside a VPC" classname="/lambda_code.tf.aws_lambda_function.code_lambda" file="/lambda_code.tf"/>
		<testcase name="[NONE][CKV_AWS_363] Ensure Lambda Runtime is not deprecated" classname="/lambda_code.tf.aws_lambda_function.code_lambda" file="/lambda_code.tf"/>
		<testcase name="[NONE][CKV_AWS_45] Ensure no hard-coded secrets exist in lambda environment" classname="/lambda_modules.tf.aws_lambda_function.module_lambda" file="/lambda_modules.tf"/>
		<testcase name="[NONE][CKV_AWS_117] Ensure that AWS Lambda function is configured inside a VPC" classname="/lambda_modules.tf.aws_lambda_function.module_lambda" file="/lambda_modules.tf"/>
		<testcase name="[NONE][CKV_AWS_363] Ensure Lambda Runtime is not deprecated" classname="/lambda_modules.tf.aws_lambda_function.module_lambda" file="/lambda_modules.tf"/>
		<testcase name="[NONE][CKV_AWS_45] Ensure no hard-coded secrets exist in lambda environment" classname="/lambda_services.tf.aws_lambda_function.service_lambda" file="/lambda_services.tf"/>
		<testcase name="[NONE][CKV_AWS_117] Ensure that AWS Lambda function is configured inside a VPC" classname="/lambda_services.tf.aws_lambda_function.service_lambda" file="/lambda_services.tf"/>
		<testcase name="[NONE][CKV_AWS_363] Ensure Lambda Runtime is not deprecated" classname="/lambda_services.tf.aws_lambda_function.service_lambda" file="/lambda_services.tf"/>
		<testcase name="[NONE][CKV_AWS_45] Ensure no hard-coded secrets exist in lambda environment" classname="/lambda_users.tf.aws_lambda_function.user_lambda" file="/lambda_users.tf"/>
		<testcase name="[NONE][CKV_AWS_117] Ensure that AWS Lambda function is configured inside a VPC" classname="/lambda_users.tf.aws_lambda_function.user_lambda" file="/lambda_users.tf"/>
		<testcase name="[NONE][CKV_AWS_363] Ensure Lambda Runtime is not deprecated" classname="/lambda_users.tf.aws_lambda_function.user_lambda" file="/lambda_users.tf"/>
		<testcase name="[NONE][CKV_AWS_41] Ensure no hard coded AWS access key and secret key exists in provider" classname="/main.tf.aws.default" file="/main.tf"/>
		<testcase name="[NONE][CKV_AWS_130] Ensure VPC subnets do not assign public IP by default" classname="/network.tf.aws_subnet.private_1" file="/network.tf"/>
		<testcase name="[NONE][CKV_AWS_130] Ensure VPC subnets do not assign public IP by default" classname="/network.tf.aws_subnet.private_2" file="/network.tf"/>
		<testcase name="[NONE][CKV_AWS_226] Ensure DB instance gets all minor upgrades automatically" classname="/rds.tf.aws_db_instance.postgres" file="/rds.tf"/>
		<testcase name="[NONE][CKV_AWS_354] Ensure RDS Performance Insights are encrypted using KMS CMKs" classname="/rds.tf.aws_db_instance.postgres" file="/rds.tf"/>
		<testcase name="[NONE][CKV_AWS_133] Ensure that RDS instances has backup policy" classname="/rds.tf.aws_db_instance.postgres" file="/rds.tf"/>
		<testcase name="[NONE][CKV_AWS_17] Ensure all data stored in RDS is not publicly accessible" classname="/rds.tf.aws_db_instance.postgres" file="/rds.tf"/>
		<testcase name="[NONE][CKV_AWS_16] Ensure all data stored in the RDS is securely encrypted at rest" classname="/rds.tf.aws_db_instance.postgres" file="/rds.tf"/>
		<testcase name="[NONE][CKV_AWS_129] Ensure that respective logs of Amazon Relational Database Service (Amazon RDS) are enabled" classname="/rds.tf.aws_db_instance.postgres" file="/rds.tf"/>
		<testcase name="[NONE][CKV_AWS_250] Ensure that RDS PostgreSQL instances use a non vulnerable version with the log_fdw extension (https://aws.amazon.com/security/security-bulletins/AWS-2022-004/)" classname="/rds.tf.aws_db_instance.postgres" file="/rds.tf"/>
		<testcase name="[NONE][CKV_AWS_211] Ensure RDS uses a modern CaCert" classname="/rds.tf.aws_db_instance.postgres" file="/rds.tf"/>
		<testcase name="[NONE][CKV_AWS_388] Ensure AWS Aurora PostgreSQL is not exposed to local file read vulnerability" classname="/rds.tf.aws_db_instance.postgres" file="/rds.tf"/>
		<testcase name="[NONE][CKV_AWS_161] Ensure RDS database has IAM authentication enabled" classname="/rds.tf.aws_db_instance.postgres" file="/rds.tf"/>
		<testcase name="[NONE][CKV_AWS_93] Ensure S3 bucket policy does not lockout all but root user. (Prevent lockouts needing root account fixes)" classname="/s3.tf.aws_s3_bucket.frontend" file="/s3.tf"/>
		<testcase name="[NONE][CKV_AWS_300] Ensure S3 lifecycle configuration sets period for aborting failed uploads" classname="/s3.tf.aws_s3_bucket_lifecycle_configuration.frontend_lifecycle" file="/s3.tf"/>
		<testcase name="[NONE][CKV_AWS_93] Ensure S3 bucket policy does not lockout all but root user. (Prevent lockouts needing root account fixes)" classname="/s3_lambdas.tf.aws_s3_bucket.lambda_bucket" file="/s3_lambdas.tf"/>
		<testcase name="[NONE][CKV_AWS_55] Ensure S3 bucket has ignore public ACLs enabled" classname="/s3_lambdas.tf.aws_s3_bucket_public_access_block.lambda_block" file="/s3_lambdas.tf"/>
		<testcase name="[NONE][CKV_AWS_54] Ensure S3 bucket has block public policy enabled" classname="/s3_lambdas.tf.aws_s3_bucket_public_access_block.lambda_block" file="/s3_lambdas.tf"/>
		<testcase name="[NONE][CKV_AWS_53] Ensure S3 bucket has block public ACLS enabled" classname="/s3_lambdas.tf.aws_s3_bucket_public_access_block.lambda_block" file="/s3_lambdas.tf"/>
		<testcase name="[NONE][CKV_AWS_56] Ensure S3 bucket has 'restrict_public_buckets' enabled" classname="/s3_lambdas.tf.aws_s3_bucket_public_access_block.lambda_block" file="/s3_lambdas.tf"/>
		<testcase name="[NONE][CKV_AWS_300] Ensure S3 lifecycle configuration sets period for aborting failed uploads" classname="/s3_lambdas.tf.aws_s3_bucket_lifecycle_configuration.lambda_lifecycle" file="/s3_lambdas.tf"/>
		<testcase name="[NONE][CKV_AWS_23] Ensure every security group and rule has a description" classname="/security_group.tf.aws_security_group.rds_sg" file="/security_group.tf"/>
		<testcase name="[NONE][CKV_AWS_260] Ensure no security groups allow ingress from 0.0.0.0:0 to port 80" classname="/security_group.tf.aws_security_group.rds_sg" file="/security_group.tf"/>
		<testcase name="[NONE][CKV_AWS_277] Ensure no security groups allow ingress from 0.0.0.0:0 to port -1" classname="/security_group.tf.aws_security_group.rds_sg" file="/security_group.tf"/>
		<testcase name="[NONE][CKV_AWS_24] Ensure no security groups allow ingress from 0.0.0.0:0 to port 22" classname="/security_group.tf.aws_security_group.rds_sg" file="/security_group.tf"/>
		<testcase name="[NONE][CKV_AWS_25] Ensure no security groups allow ingress from 0.0.0.0:0 to port 3389" classname="/security_group.tf.aws_security_group.rds_sg" file="/security_group.tf"/>
		<testcase name="[NONE][CKV_AWS_23] Ensure every security group and rule has a description" classname="/security_group.tf.aws_security_group.lambda_sg" file="/security_group.tf"/>
		<testcase name="[NONE][CKV_AWS_260] Ensure no security groups allow ingress from 0.0.0.0:0 to port 80" classname="/security_group.tf.aws_security_group.lambda_sg" file="/security_group.tf"/>
		<testcase name="[NONE][CKV_AWS_277] Ensure no security groups allow ingress from 0.0.0.0:0 to port -1" classname="/security_group.tf.aws_security_group.lambda_sg" file="/security_group.tf"/>
		<testcase name="[NONE][CKV_AWS_24] Ensure no security groups allow ingress from 0.0.0.0:0 to port 22" classname="/security_group.tf.aws_security_group.lambda_sg" file="/security_group.tf"/>
		<testcase name="[NONE][CKV_AWS_25] Ensure no security groups allow ingress from 0.0.0.0:0 to port 3389" classname="/security_group.tf.aws_security_group.lambda_sg" file="/security_group.tf"/>
		<testcase name="[NONE][CKV2_AWS_5] Ensure that Security Groups are attached to another resource" classname="/security_group.tf.aws_security_group.lambda_sg" file="/security_group.tf"/>
		<testcase name="[NONE][CKV2_AWS_5] Ensure that Security Groups are attached to another resource" classname="/security_group.tf.aws_security_group.rds_sg" file="/security_group.tf"/>
		<testcase name="[NONE][CKV2_AWS_77] Ensure AWS API Gateway Rest API attached WAFv2 WebACL is configured with AMR for Log4j Vulnerability" classname="/api_gateway.tf.aws_apigatewayv2_api.main_api" file="/api_gateway.tf"/>
		<testcase name="[NONE][CKV2_AWS_56] Ensure AWS Managed IAMFullAccess IAM policy is not used." classname="/iam_roles.tf.aws_iam_role.lambda_role" file="/iam_roles.tf"/>
		<testcase name="[NONE][CKV2_AWS_56] Ensure AWS Managed IAMFullAccess IAM policy is not used." classname="/iam_roles.tf.aws_iam_role_policy_attachment.lambda_rds_access" file="/iam_roles.tf"/>
		<testcase name="[NONE][CKV2_AWS_6] Ensure that S3 bucket has a Public Access block" classname="/s3_lambdas.tf.aws_s3_bucket.lambda_bucket" file="/s3_lambdas.tf"/>
		<testcase name="[NONE][CKV2_AWS_35] AWS NAT Gateways should be utilized for the default route" classname="/network.tf.aws_route_table.nat_subnet_rt" file="/network.tf"/>
		<testcase name="[NONE][CKV2_AWS_35] AWS NAT Gateways should be utilized for the default route" classname="/network.tf.aws_route_table.private_no_nat_rt" file="/network.tf"/>
		<testcase name="[NONE][CKV2_AWS_40] Ensure AWS IAM policy does not allow full IAM privileges" classname="/iam_roles.tf.aws_iam_role_policy.lambda_logs_policy" file="/iam_roles.tf"/>
		<testcase name="[NONE][CKV2_AWS_40] Ensure AWS IAM policy does not allow full IAM privileges" classname="/iam_roles.tf.aws_iam_role_policy.lambda_vpc_permissions" file="/iam_roles.tf"/>
		<testcase name="[NONE][CKV_AWS_20] S3 Bucket has an ACL defined which allows public READ access." classname="/s3.tf.aws_s3_bucket.frontend" file="/s3.tf"/>
		<testcase name="[NONE][CKV_AWS_20] S3 Bucket has an ACL defined which allows public READ access." classname="/s3_lambdas.tf.aws_s3_bucket.lambda_bucket" file="/s3_lambdas.tf"/>
		<testcase name="[NONE][CKV2_AWS_54] Ensure AWS CloudFront distribution is using secure SSL protocols for HTTPS communication" classname="/cloudfront.tf.aws_cloudfront_distribution.frontend_distribution" file="/cloudfront.tf"/>
		<testcase name="[NONE][CKV2_AWS_30] Ensure Postgres RDS as aws_db_instance has Query Logging enabled" classname="/rds.tf.aws_db_instance.postgres" file="/rds.tf"/>
		<testcase name="[NONE][CKV2_AWS_46] Ensure AWS CloudFront Distribution with S3 have Origin Access set to enabled" classname="/cloudfront.tf.aws_cloudfront_distribution.frontend_distribution" file="/cloudfront.tf"/>
		<testcase name="[NONE][CKV_AWS_57] S3 Bucket has an ACL defined which allows public WRITE access." classname="/s3.tf.aws_s3_bucket.frontend" file="/s3.tf"/>
		<testcase name="[NONE][CKV_AWS_57] S3 Bucket has an ACL defined which allows public WRITE access." classname="/s3_lambdas.tf.aws_s3_bucket.lambda_bucket" file="/s3_lambdas.tf"/>
		<testcase name="[NONE][CKV_AWS_19] Ensure all data stored in the S3 bucket is securely encrypted at rest" classname="/s3.tf.aws_s3_bucket.frontend" file="/s3.tf"/>
		<testcase name="[NONE][CKV_AWS_19] Ensure all data stored in the S3 bucket is securely encrypted at rest" classname="/s3_lambdas.tf.aws_s3_bucket.lambda_bucket" file="/s3_lambdas.tf"/>
		<testcase name="[NONE][CKV_AWS_145] Ensure that S3 buckets are encrypted with KMS by default" classname="/s3_lambdas.tf.aws_s3_bucket.lambda_bucket" file="/s3_lambdas.tf"/>
		<testcase name="[NONE][CKV2_AWS_62] Ensure S3 buckets should have event notifications enabled" classname="/s3.tf.aws_s3_bucket.frontend" file="/s3.tf"/>
		<testcase name="[NONE][CKV2_AWS_62] Ensure S3 buckets should have event notifications enabled" classname="/s3_lambdas.tf.aws_s3_bucket.lambda_bucket" file="/s3_lambdas.tf"/>
		<testcase name="[NONE][CKV2_AWS_60] Ensure RDS instance with copy tags to snapshots is enabled" classname="/rds.tf.aws_db_instance.postgres" file="/rds.tf"/>
		<testcase name="[NONE][CKV2_AWS_44] Ensure AWS route table with VPC peering does not contain routes overly permissive to all traffic" classname="/network.tf.aws_route_table.nat_subnet_rt" file="/network.tf"/>
		<testcase name="[NONE][CKV2_AWS_44] Ensure AWS route table with VPC peering does not contain routes overly permissive to all traffic" classname="/network.tf.aws_route_table.private_no_nat_rt" file="/network.tf"/>
		<testcase name="[NONE][CKV2_AWS_72] Ensure AWS CloudFront origin protocol policy enforces HTTPS-only" classname="/cloudfront.tf.aws_cloudfront_distribution.frontend_distribution" file="/cloudfront.tf"/>
		<testcase name="[NONE][CKV2_AWS_51] Ensure AWS API Gateway endpoints uses client certificate authentication" classname="/api_gateway.tf.aws_apigatewayv2_stage.default_stage" file="/api_gateway.tf"/>
		<testcase name="[NONE][CKV2_AWS_75] Ensure no open CORS policy" classname="/lambda_agency.tf.aws_lambda_function.agency_lambda" file="/lambda_agency.tf"/>
		<testcase name="[NONE][CKV2_AWS_75] Ensure no open CORS policy" classname="/lambda_code.tf.aws_lambda_function.code_lambda" file="/lambda_code.tf"/>
		<testcase name="[NONE][CKV2_AWS_75] Ensure no open CORS policy" classname="/lambda_modules.tf.aws_lambda_function.module_lambda" file="/lambda_modules.tf"/>
		<testcase name="[NONE][CKV2_AWS_75] Ensure no open CORS policy" classname="/lambda_services.tf.aws_lambda_function.service_lambda" file="/lambda_services.tf"/>
		<testcase name="[NONE][CKV2_AWS_75] Ensure no open CORS policy" classname="/lambda_users.tf.aws_lambda_function.user_lambda" file="/lambda_users.tf"/>
		<testcase name="[NONE][CKV2_AWS_32] Ensure CloudFront distribution has a response headers policy attached" classname="/cloudfront.tf.aws_cloudfront_distribution.frontend_distribution" file="/cloudfront.tf"/>
		<testcase name="[NONE][CKV2_AWS_12] Ensure the default security group of every VPC restricts all traffic" classname="/network.tf.aws_vpc.main" file="/network.tf"/>
		<testcase name="[NONE][CKV2_AWS_61] Ensure that an S3 bucket has a lifecycle configuration" classname="/s3.tf.aws_s3_bucket.frontend" file="/s3.tf"/>
		<testcase name="[NONE][CKV2_AWS_61] Ensure that an S3 bucket has a lifecycle configuration" classname="/s3_lambdas.tf.aws_s3_bucket.lambda_bucket" file="/s3_lambdas.tf"/>
		<testcase name="[NONE][CKV_AWS_21] Ensure all data stored in the S3 bucket have versioning enabled" classname="/s3.tf.aws_s3_bucket.frontend" file="/s3.tf"/>
		<testcase name="[NONE][CKV_AWS_21] Ensure all data stored in the S3 bucket have versioning enabled" classname="/s3_lambdas.tf.aws_s3_bucket.lambda_bucket" file="/s3_lambdas.tf"/>
		<testcase name="[NONE][CKV_AWS_158] Ensure that CloudWatch Log Group is encrypted by KMS" classname="/api_gateway.tf.aws_cloudwatch_log_group.apigw_logs" file="/api_gateway.tf">
			<skipped type="skipped" message="No comment provided"/>
		</testcase>
		<testcase name="[NONE][CKV_AWS_68] CloudFront Distribution should have WAF enabled" classname="/cloudfront.tf.aws_cloudfront_distribution.frontend_distribution" file="/cloudfront.tf">
			<skipped type="skipped" message="No comment provided"/>
		</testcase>
		<testcase name="[NONE][CKV_AWS_310] Ensure CloudFront distributions should have origin failover configured" classname="/cloudfront.tf.aws_cloudfront_distribution.frontend_distribution" file="/cloudfront.tf">
			<skipped type="skipped" message="la distribución CloudFront no requiere failover ya que el origen S3 está replicado y monitoreado por otras herramientas"/>
		</testcase>
		<testcase name="[NONE][CKV_AWS_86] Ensure CloudFront distribution has Access Logging enabled" classname="/cloudfront.tf.aws_cloudfront_distribution.frontend_distribution" file="/cloudfront.tf">
			<skipped type="skipped" message="No comment provided"/>
		</testcase>
		<testcase name="[NONE][CKV_AWS_355] Ensure no IAM policies documents allow &quot;*&quot; as a statement's resource for restrictable actions" classname="/iam_roles.tf.aws_iam_role_policy.lambda_logs_policy" file="/iam_roles.tf">
			<skipped type="skipped" message="No comment provided"/>
		</testcase>
		<testcase name="[NONE][CKV_AWS_290] Ensure IAM policies does not allow write access without constraints" classname="/iam_roles.tf.aws_iam_role_policy.lambda_logs_policy" file="/iam_roles.tf">
			<skipped type="skipped" message="No comment provided"/>
		</testcase>
		<testcase name="[NONE][CKV_AWS_355] Ensure no IAM policies documents allow &quot;*&quot; as a statement's resource for restrictable actions" classname="/iam_roles.tf.aws_iam_role_policy.lambda_vpc_permissions" file="/iam_roles.tf">
			<skipped type="skipped" message="No comment provided"/>
		</testcase>
		<testcase name="[NONE][CKV_AWS_290] Ensure IAM policies does not allow write access without constraints" classname="/iam_roles.tf.aws_iam_role_policy.lambda_vpc_permissions" file="/iam_roles.tf">
			<skipped type="skipped" message="No comment provided"/>
		</testcase>
		<testcase name="[NONE][CKV_AWS_115] Ensure that AWS Lambda function is configured for function-level concurrent execution limit" classname="/lambda_agency.tf.aws_lambda_function.agency_lambda" file="/lambda_agency.tf">
			<skipped type="skipped" message=" No se requiere limitar concurrencia en entorno de desarrollo."/>
		</testcase>
		<testcase name="[NONE][CKV_AWS_116] Ensure that AWS Lambda function is configured for a Dead Letter Queue(DLQ)" classname="/lambda_agency.tf.aws_lambda_function.agency_lambda" file="/lambda_agency.tf">
			<skipped type="skipped" message=" DLQ no es necesario para entorno de desarrollo."/>
		</testcase>
		<testcase name="[NONE][CKV_AWS_50] X-Ray tracing is enabled for Lambda" classname="/lambda_agency.tf.aws_lambda_function.agency_lambda" file="/lambda_agency.tf">
			<skipped type="skipped" message=" X-Ray tracing no es necesario para entorno de desarrollo."/>
		</testcase>
		<testcase name="[NONE][CKV_AWS_173] Check encryption settings for Lambda environmental variable" classname="/lambda_agency.tf.aws_lambda_function.agency_lambda" file="/lambda_agency.tf">
			<skipped type="skipped" message=" No se requiere cifrado KMS de variables de entorno en desarrollo."/>
		</testcase>
		<testcase name="[NONE][CKV_AWS_272] Ensure AWS Lambda function is configured to validate code-signing" classname="/lambda_agency.tf.aws_lambda_function.agency_lambda" file="/lambda_agency.tf">
			<skipped type="skipped" message=" Code signing no es requerido en este entorno de desarrollo (no es producción)"/>
		</testcase>
		<testcase name="[NONE][CKV_AWS_115] Ensure that AWS Lambda function is configured for function-level concurrent execution limit" classname="/lambda_code.tf.aws_lambda_function.code_lambda" file="/lambda_code.tf">
			<skipped type="skipped" message=" No se requiere limitar concurrencia en entorno de desarrollo."/>
		</testcase>
		<testcase name="[NONE][CKV_AWS_116] Ensure that AWS Lambda function is configured for a Dead Letter Queue(DLQ)" classname="/lambda_code.tf.aws_lambda_function.code_lambda" file="/lambda_code.tf">
			<skipped type="skipped" message=" DLQ no es necesario para entorno de desarrollo."/>
		</testcase>
		<testcase name="[NONE][CKV_AWS_50] X-Ray tracing is enabled for Lambda" classname="/lambda_code.tf.aws_lambda_function.code_lambda" file="/lambda_code.tf">
			<skipped type="skipped" message=" X-Ray tracing no es necesario para entorno de desarrollo."/>
		</testcase>
		<testcase name="[NONE][CKV_AWS_173] Check encryption settings for Lambda environmental variable" classname="/lambda_code.tf.aws_lambda_function.code_lambda" file="/lambda_code.tf">
			<skipped type="skipped" message=" No se requiere cifrado KMS de variables de entorno en desarrollo."/>
		</testcase>
		<testcase name="[NONE][CKV_AWS_272] Ensure AWS Lambda function is configured to validate code-signing" classname="/lambda_code.tf.aws_lambda_function.code_lambda" file="/lambda_code.tf">
			<skipped type="skipped" message=" Code signing no es requerido en este entorno de desarrollo (no es producción)"/>
		</testcase>
		<testcase name="[NONE][CKV_AWS_115] Ensure that AWS Lambda function is configured for function-level concurrent execution limit" classname="/lambda_modules.tf.aws_lambda_function.module_lambda" file="/lambda_modules.tf">
			<skipped type="skipped" message=" No se requiere limitar concurrencia en entorno de desarrollo."/>
		</testcase>
		<testcase name="[NONE][CKV_AWS_116] Ensure that AWS Lambda function is configured for a Dead Letter Queue(DLQ)" classname="/lambda_modules.tf.aws_lambda_function.module_lambda" file="/lambda_modules.tf">
			<skipped type="skipped" message=" DLQ no es necesario para entorno de desarrollo."/>
		</testcase>
		<testcase name="[NONE][CKV_AWS_50] X-Ray tracing is enabled for Lambda" classname="/lambda_modules.tf.aws_lambda_function.module_lambda" file="/lambda_modules.tf">
			<skipped type="skipped" message=" X-Ray tracing no es necesario para entorno de desarrollo."/>
		</testcase>
		<testcase name="[NONE][CKV_AWS_173] Check encryption settings for Lambda environmental variable" classname="/lambda_modules.tf.aws_lambda_function.module_lambda" file="/lambda_modules.tf">
			<skipped type="skipped" message=" No se requiere cifrado KMS de variables de entorno en desarrollo."/>
		</testcase>
		<testcase name="[NONE][CKV_AWS_272] Ensure AWS Lambda function is configured to validate code-signing" classname="/lambda_modules.tf.aws_lambda_function.module_lambda" file="/lambda_modules.tf">
			<skipped type="skipped" message=" Code signing no es requerido en este entorno de desarrollo (no es producción)"/>
		</testcase>
		<testcase name="[NONE][CKV_AWS_115] Ensure that AWS Lambda function is configured for function-level concurrent execution limit" classname="/lambda_services.tf.aws_lambda_function.service_lambda" file="/lambda_services.tf">
			<skipped type="skipped" message=" No se requiere limitar concurrencia en entorno de desarrollo."/>
		</testcase>
		<testcase name="[NONE][CKV_AWS_116] Ensure that AWS Lambda function is configured for a Dead Letter Queue(DLQ)" classname="/lambda_services.tf.aws_lambda_function.service_lambda" file="/lambda_services.tf">
			<skipped type="skipped" message=" DLQ no es necesario para entorno de desarrollo."/>
		</testcase>
		<testcase name="[NONE][CKV_AWS_50] X-Ray tracing is enabled for Lambda" classname="/lambda_services.tf.aws_lambda_function.service_lambda" file="/lambda_services.tf">
			<skipped type="skipped" message=" X-Ray tracing no es necesario para entorno de desarrollo."/>
		</testcase>
		<testcase name="[NONE][CKV_AWS_173] Check encryption settings for Lambda environmental variable" classname="/lambda_services.tf.aws_lambda_function.service_lambda" file="/lambda_services.tf">
			<skipped type="skipped" message=" No se requiere cifrado KMS de variables de entorno en desarrollo."/>
		</testcase>
		<testcase name="[NONE][CKV_AWS_272] Ensure AWS Lambda function is configured to validate code-signing" classname="/lambda_services.tf.aws_lambda_function.service_lambda" file="/lambda_services.tf">
			<skipped type="skipped" message=" Code signing no es requerido en este entorno de desarrollo (no es producción)"/>
		</testcase>
		<testcase name="[NONE][CKV_AWS_115] Ensure that AWS Lambda function is configured for function-level concurrent execution limit" classname="/lambda_users.tf.aws_lambda_function.user_lambda" file="/lambda_users.tf">
			<skipped type="skipped" message=" No se requiere limitar concurrencia en entorno de desarrollo."/>
		</testcase>
		<testcase name="[NONE][CKV_AWS_116] Ensure that AWS Lambda function is configured for a Dead Letter Queue(DLQ)" classname="/lambda_users.tf.aws_lambda_function.user_lambda" file="/lambda_users.tf">
			<skipped type="skipped" message=" DLQ no es necesario para entorno de desarrollo."/>
		</testcase>
		<testcase name="[NONE][CKV_AWS_50] X-Ray tracing is enabled for Lambda" classname="/lambda_users.tf.aws_lambda_function.user_lambda" file="/lambda_users.tf">
			<skipped type="skipped" message=" X-Ray tracing no es necesario para entorno de desarrollo."/>
		</testcase>
		<testcase name="[NONE][CKV_AWS_173] Check encryption settings for Lambda environmental variable" classname="/lambda_users.tf.aws_lambda_function.user_lambda" file="/lambda_users.tf">
			<skipped type="skipped" message=" No se requiere cifrado KMS de variables de entorno en desarrollo."/>
		</testcase>
		<testcase name="[NONE][CKV_AWS_272] Ensure AWS Lambda function is configured to validate code-signing" classname="/lambda_users.tf.aws_lambda_function.user_lambda" file="/lambda_users.tf">
			<skipped type="skipped" message=" Code signing no es requerido en este entorno de desarrollo (no es producción)"/>
		</testcase>
		<testcase name="[NONE][CKV_AWS_130] Ensure VPC subnets do not assign public IP by default" classname="/network.tf.aws_subnet.nat_subnet" file="/network.tf">
			<skipped type="skipped" message="El NAT Subnet requiere IP pública para pruebas en entorno no productivo"/>
		</testcase>
		<testcase name="[NONE][CKV_AWS_293] Ensure that AWS database instances have deletion protection enabled" classname="/rds.tf.aws_db_instance.postgres" file="/rds.tf">
			<skipped type="skipped" message="No comment provided"/>
		</testcase>
		<testcase name="[NONE][CKV_AWS_118] Ensure that enhanced monitoring is enabled for Amazon RDS instances" classname="/rds.tf.aws_db_instance.postgres" file="/rds.tf">
			<skipped type="skipped" message="No comment provided"/>
		</testcase>
		<testcase name="[NONE][CKV_AWS_157] Ensure that RDS instances have Multi-AZ enabled" classname="/rds.tf.aws_db_instance.postgres" file="/rds.tf">
			<skipped type="skipped" message="No comment provided"/>
		</testcase>
		<testcase name="[NONE][CKV_AWS_353] Ensure that RDS instances have performance insights enabled" classname="/rds.tf.aws_db_instance.postgres" file="/rds.tf">
			<skipped type="skipped" message=" Performance Insights no es necesario en entorno de desarrollo"/>
		</testcase>
		<testcase name="[NONE][CKV_AWS_382] Ensure no security groups allow egress from 0.0.0.0:0 to port -1" classname="/security_group.tf.aws_security_group.rds_sg" file="/security_group.tf">
			<skipped type="skipped" message=" Se permite egress global por simplicidad en entorno de desarrollo"/>
		</testcase>
		<testcase name="[NONE][CKV_AWS_382] Ensure no security groups allow egress from 0.0.0.0:0 to port -1" classname="/security_group.tf.aws_security_group.lambda_sg" file="/security_group.tf">
			<skipped type="skipped" message=" Se permite egress global por simplicidad en entorno de desarrollo"/>
		</testcase>
		<testcase name="[NONE][CKV2_AWS_6] Ensure that S3 bucket has a Public Access block" classname="/s3.tf.aws_s3_bucket.frontend" file="/s3.tf">
			<skipped type="skipped" message=" CloudFront requiere politicas publicas"/>
		</testcase>
		<testcase name="[NONE][CKV_AWS_18] Ensure the S3 bucket has access logging enabled" classname="/s3.tf.aws_s3_bucket.frontend" file="/s3.tf">
			<skipped type="skipped" message="No es necesario habilitar access logging en el bucket frontend, solo requerimos logs de las funciones."/>
		</testcase>
		<testcase name="[NONE][CKV_AWS_18] Ensure the S3 bucket has access logging enabled" classname="/s3_lambdas.tf.aws_s3_bucket.lambda_bucket" file="/s3_lambdas.tf">
			<skipped type="skipped" message="No es necesario habilitar access logging en el bucket de lambdas, solo requerimos logs para las funciones, las peticiones llegan al api gateway."/>
		</testcase>
		<testcase name="[NONE][CKV2_AWS_11] Ensure VPC flow logging is enabled in all VPCs" classname="/network.tf.aws_vpc.main" file="/network.tf">
			<skipped type="skipped" message=" No requerimos habilitar VPC Flow Logs en esta infraestructura."/>
		</testcase>
		<testcase name="[NONE][CKV2_AWS_47] Ensure AWS CloudFront attached WAFv2 WebACL is configured with AMR for Log4j Vulnerability" classname="/cloudfront.tf.aws_cloudfront_distribution.frontend_distribution" file="/cloudfront.tf">
			<skipped type="skipped" message="ya se incluyó la regla AWSManagedRulesLog4jRuleSet en la WAF asociada"/>
		</testcase>
		<testcase name="[NONE][CKV_AWS_145] Ensure that S3 buckets are encrypted with KMS by default" classname="/s3.tf.aws_s3_bucket.frontend" file="/s3.tf">
			<skipped type="skipped" message=" No requiere cifrado en entorno de desarrollo"/>
		</testcase>
		<testcase name="[NONE][CKV2_AWS_42] Ensure AWS CloudFront distribution uses custom SSL certificate" classname="/cloudfront.tf.aws_cloudfront_distribution.frontend_distribution" file="/cloudfront.tf">
			<skipped type="skipped" message="No tenemos dominio."/>
		</testcase>
		<testcase name="[NONE][CKV_AWS_144] Ensure that S3 bucket has cross-region replication enabled" classname="/s3.tf.aws_s3_bucket.frontend" file="/s3.tf">
			<skipped type="skipped" message="No necesitamos un bucket destino en otra región."/>
		</testcase>
		<testcase name="[NONE][CKV_AWS_144] Ensure that S3 bucket has cross-region replication enabled" classname="/s3_lambdas.tf.aws_s3_bucket.lambda_bucket" file="/s3_lambdas.tf">
			<skipped type="skipped" message="No necesitamos un bucket destino en otra región."/>
		</testcase>
		<testcase name="[NONE][CKV2_AWS_69] Ensure AWS RDS database instance configured with encryption in transit" classname="/rds.tf.aws_db_instance.postgres" file="/rds.tf">
			<skipped type="skipped" message="No comment provided"/>
		</testcase>
	</testsuite>
</testsuites>
